::1 - - [27/Dec/2019:11:05:57 +0000] "POST /api/signup HTTP/1.1" 200 35 "http://localhost:4200/signup" "Mozilla/5.0 (Windows NT 10.0; Win64; x64) AppleWebKit/537.36 (KHTML, like Gecko) Chrome/79.0.3945.88 Safari/537.36"
::1 - - [27/Dec/2019:11:06:06 +0000] "POST /api/signin HTTP/1.1" 200 191 "http://localhost:4200/talk" "Mozilla/5.0 (Windows NT 10.0; Win64; x64) AppleWebKit/537.36 (KHTML, like Gecko) Chrome/79.0.3945.88 Safari/537.36"
::1 - - [27/Dec/2019:11:06:11 +0000] "GET / HTTP/1.1" 404 139 "-" "Mozilla/5.0 (Windows NT 10.0; Win64; x64) AppleWebKit/537.36 (KHTML, like Gecko) Chrome/79.0.3945.88 Safari/537.36"
::1 - - [27/Dec/2019:11:06:40 +0000] "POST /api/signup HTTP/1.1" 200 35 "http://localhost:4200/signup" "Mozilla/5.0 (Windows NT 10.0; Win64; x64) AppleWebKit/537.36 (KHTML, like Gecko) Chrome/79.0.3945.88 Safari/537.36"
::1 - - [27/Dec/2019:11:06:50 +0000] "POST /api/signin HTTP/1.1" 200 191 "http://localhost:4200/talk" "Mozilla/5.0 (Windows NT 10.0; Win64; x64) AppleWebKit/537.36 (KHTML, like Gecko) Chrome/79.0.3945.88 Safari/537.36"
::1 - - [06/Jun/2020:15:07:59 +0000] "POST /api/signup HTTP/1.1" 200 35 "http://localhost:4200/signup" "Mozilla/5.0 (Windows NT 10.0; Win64; x64) AppleWebKit/537.36 (KHTML, like Gecko) Chrome/77.0.3865.120 Safari/537.36"
::1 - - [06/Jun/2020:15:08:49 +0000] "POST /api/signin HTTP/1.1" 200 191 "http://localhost:4200/talk" "Mozilla/5.0 (Windows NT 10.0; Win64; x64) AppleWebKit/537.36 (KHTML, like Gecko) Chrome/77.0.3865.120 Safari/537.36"
::1 - - [06/Jun/2020:15:21:29 +0000] "POST /api/signin HTTP/1.1" 200 191 "http://localhost:4200/talk" "Mozilla/5.0 (Windows NT 10.0; Win64; x64) AppleWebKit/537.36 (KHTML, like Gecko) Chrome/77.0.3865.120 Safari/537.36"
::1 - - [06/Jun/2020:15:31:30 +0000] "POST /api/signin HTTP/1.1" 200 191 "http://localhost:4200/talk" "Mozilla/5.0 (Windows NT 10.0; Win64; x64) AppleWebKit/537.36 (KHTML, like Gecko) Chrome/77.0.3865.120 Safari/537.36"
::1 - - [06/Jun/2020:15:48:36 +0000] "POST /api/signin HTTP/1.1" 200 191 "http://localhost:4200/talk" "Mozilla/5.0 (Windows NT 10.0; Win64; x64) AppleWebKit/537.36 (KHTML, like Gecko) Chrome/77.0.3865.120 Safari/537.36"
::1 - - [06/Jun/2020:16:00:07 +0000] "POST /api/signin HTTP/1.1" 200 191 "http://localhost:4200/chat" "Mozilla/5.0 (Windows NT 10.0; Win64; x64) AppleWebKit/537.36 (KHTML, like Gecko) Chrome/77.0.3865.120 Safari/537.36"
::1 - - [07/Jun/2020:18:39:19 +0000] "POST /api/signin HTTP/1.1" 500 33 "http://localhost:4200/talk" "Mozilla/5.0 (Windows NT 10.0; Win64; x64) AppleWebKit/537.36 (KHTML, like Gecko) Chrome/77.0.3865.120 Safari/537.36"
::1 - - [07/Jun/2020:19:39:11 +0000] "GET / HTTP/1.1" 404 139 "-" "Mozilla/5.0 (Macintosh; Intel Mac OS X 10_13_6) AppleWebKit/537.36 (KHTML, like Gecko) Chrome/83.0.4103.61 Safari/537.36"
::1 - - [07/Jun/2020:19:39:45 +0000] "GET /api HTTP/1.1" 404 142 "-" "Mozilla/5.0 (Macintosh; Intel Mac OS X 10_13_6) AppleWebKit/537.36 (KHTML, like Gecko) Chrome/83.0.4103.61 Safari/537.36"
::1 - - [07/Jun/2020:19:41:09 +0000] "GET /api HTTP/1.1" 404 142 "-" "Mozilla/5.0 (Macintosh; Intel Mac OS X 10_13_6) AppleWebKit/537.36 (KHTML, like Gecko) Chrome/83.0.4103.61 Safari/537.36"
::1 - - [07/Jun/2020:19:41:14 +0000] "GET /api HTTP/1.1" 404 142 "-" "Mozilla/5.0 (Macintosh; Intel Mac OS X 10_13_6) AppleWebKit/537.36 (KHTML, like Gecko) Chrome/83.0.4103.61 Safari/537.36"
::1 - - [07/Jun/2020:19:41:21 +0000] "GET / HTTP/1.1" 404 139 "-" "Mozilla/5.0 (Macintosh; Intel Mac OS X 10_13_6) AppleWebKit/537.36 (KHTML, like Gecko) Chrome/83.0.4103.61 Safari/537.36"
::ffff:127.0.0.1 - - [07/Jun/2020:19:41:39 +0000] "GET / HTTP/1.1" 404 139 "-" "Mozilla/5.0 (Macintosh; Intel Mac OS X 10_13_6) AppleWebKit/537.36 (KHTML, like Gecko) Chrome/83.0.4103.61 Safari/537.36"
::1 - - [07/Jun/2020:20:01:20 +0000] "POST /api/signin HTTP/1.1" 200 191 "http://localhost:8081/login" "Mozilla/5.0 (Macintosh; Intel Mac OS X 10_13_6) AppleWebKit/537.36 (KHTML, like Gecko) Chrome/83.0.4103.61 Safari/537.36"
::1 - - [07/Jun/2020:20:02:59 +0000] "POST /api/signin HTTP/1.1" 200 191 "http://localhost:8081/login" "Mozilla/5.0 (Macintosh; Intel Mac OS X 10_13_6) AppleWebKit/537.36 (KHTML, like Gecko) Chrome/83.0.4103.61 Safari/537.36"
::1 - - [07/Jun/2020:20:06:01 +0000] "POST /api/signin HTTP/1.1" 200 191 "http://localhost:8081/login" "Mozilla/5.0 (Macintosh; Intel Mac OS X 10_13_6) AppleWebKit/537.36 (KHTML, like Gecko) Chrome/83.0.4103.61 Safari/537.36"
::1 - - [07/Jun/2020:20:16:11 +0000] "POST /api/signin HTTP/1.1" 200 191 "http://localhost:8081/" "Mozilla/5.0 (Macintosh; Intel Mac OS X 10_13_6) AppleWebKit/537.36 (KHTML, like Gecko) Chrome/83.0.4103.61 Safari/537.36"
::ffff:107.22.195.49 - - [09/Jun/2020:23:04:07 +0000] "GET / HTTP/1.1" 404 139 "-" "Cloud mapping experiment. Contact research@pdrlabs.net"
::1 - - [13/Jun/2020:19:03:20 +0000] "POST /api/signin HTTP/1.1" 200 191 "http://localhost:8081/talk" "Mozilla/5.0 (Windows NT 10.0; Win64; x64) AppleWebKit/537.36 (KHTML, like Gecko) Chrome/77.0.3865.120 Safari/537.36"
::1 - - [16/Jun/2020:02:30:01 +0000] "POST /api/signup HTTP/1.1" 200 38 "http://localhost:8081/signup" "Mozilla/5.0 (Windows NT 10.0; Win64; x64) AppleWebKit/537.36 (KHTML, like Gecko) Chrome/77.0.3865.120 Safari/537.36"
::1 - - [16/Jun/2020:02:44:06 +0000] "POST /api/signin HTTP/1.1" 200 191 "http://localhost:8081/talk" "Mozilla/5.0 (Windows NT 10.0; Win64; x64) AppleWebKit/537.36 (KHTML, like Gecko) Chrome/77.0.3865.120 Safari/537.36"
::1 - - [17/Jun/2020:02:45:56 +0000] "POST /api/signin HTTP/1.1" 200 191 "http://localhost:8081/login" "Mozilla/5.0 (Windows NT 10.0; Win64; x64) AppleWebKit/537.36 (KHTML, like Gecko) Chrome/77.0.3865.120 Safari/537.36"
::1 - - [17/Jun/2020:02:54:25 +0000] "POST /api/signup HTTP/1.1" 200 38 "http://localhost:8081/home" "Mozilla/5.0 (Windows NT 10.0; Win64; x64) AppleWebKit/537.36 (KHTML, like Gecko) Chrome/77.0.3865.120 Safari/537.36"
::1 - - [17/Jun/2020:02:56:36 +0000] "POST /api/signin HTTP/1.1" 200 191 "http://localhost:8081/login" "Mozilla/5.0 (Windows NT 10.0; Win64; x64) AppleWebKit/537.36 (KHTML, like Gecko) Chrome/77.0.3865.120 Safari/537.36"
::1 - - [17/Jun/2020:03:10:00 +0000] "POST /api/signin HTTP/1.1" 200 191 "http://localhost:8081/login" "Mozilla/5.0 (Linux; Android 8.0; Pixel 2 Build/OPD3.170816.012) AppleWebKit/537.36 (KHTML, like Gecko) Chrome/77.0.3865.120 Mobile Safari/537.36"
::1 - - [17/Jun/2020:03:14:07 +0000] "POST /api/signin HTTP/1.1" 200 191 "http://localhost:8081/login" "Mozilla/5.0 (Linux; Android 8.0; Pixel 2 Build/OPD3.170816.012) AppleWebKit/537.36 (KHTML, like Gecko) Chrome/77.0.3865.120 Mobile Safari/537.36"
::1 - - [17/Jun/2020:03:16:48 +0000] "POST /api/signin HTTP/1.1" 200 191 "http://localhost:8081/login" "Mozilla/5.0 (Linux; Android 8.0; Pixel 2 Build/OPD3.170816.012) AppleWebKit/537.36 (KHTML, like Gecko) Chrome/77.0.3865.120 Mobile Safari/537.36"
::1 - - [17/Jun/2020:03:17:22 +0000] "POST /api/signin HTTP/1.1" 200 191 "http://localhost:8081/login" "Mozilla/5.0 (Windows NT 10.0; Win64; x64) AppleWebKit/537.36 (KHTML, like Gecko) Chrome/77.0.3865.120 Safari/537.36"
::1 - - [17/Jun/2020:03:18:30 +0000] "POST /api/signin HTTP/1.1" 200 179 "http://localhost:8081/login" "Mozilla/5.0 (Windows NT 10.0; Win64; x64) AppleWebKit/537.36 (KHTML, like Gecko) Chrome/77.0.3865.120 Safari/537.36"
::1 - - [17/Jun/2020:03:20:08 +0000] "POST /api/signin HTTP/1.1" 200 227 "http://localhost:8081/login" "Mozilla/5.0 (Windows NT 10.0; Win64; x64) AppleWebKit/537.36 (KHTML, like Gecko) Chrome/77.0.3865.120 Safari/537.36"
::1 - - [17/Jun/2020:18:02:40 +0000] "POST /api/signin HTTP/1.1" 200 227 "http://localhost:8081/login" "Mozilla/5.0 (Windows NT 10.0; Win64; x64) AppleWebKit/537.36 (KHTML, like Gecko) Chrome/77.0.3865.120 Safari/537.36"
::1 - - [17/Jun/2020:18:18:27 +0000] "POST /api/signin HTTP/1.1" 200 229 "http://localhost:8081/login" "Mozilla/5.0 (Windows NT 10.0; Win64; x64) AppleWebKit/537.36 (KHTML, like Gecko) Chrome/77.0.3865.120 Safari/537.36"
::1 - - [18/Jun/2020:01:24:12 +0000] "POST /api/signin HTTP/1.1" - - "http://localhost:8081/login" "Mozilla/5.0 (Windows NT 10.0; Win64; x64) AppleWebKit/537.36 (KHTML, like Gecko) Chrome/77.0.3865.120 Safari/537.36"
::1 - - [18/Jun/2020:01:26:35 +0000] "POST /api/signin HTTP/1.1" 500 33 "http://localhost:8081/login" "Mozilla/5.0 (Windows NT 10.0; Win64; x64) AppleWebKit/537.36 (KHTML, like Gecko) Chrome/77.0.3865.120 Safari/537.36"
::1 - - [18/Jun/2020:01:27:09 +0000] "POST /api/signin HTTP/1.1" 200 229 "http://localhost:8081/login" "Mozilla/5.0 (Windows NT 10.0; Win64; x64) AppleWebKit/537.36 (KHTML, like Gecko) Chrome/77.0.3865.120 Safari/537.36"
::1 - - [18/Jun/2020:02:17:05 +0000] "POST /api/signin HTTP/1.1" 200 190 "http://localhost:8081/talk" "Mozilla/5.0 (Windows NT 10.0; Win64; x64) AppleWebKit/537.36 (KHTML, like Gecko) Chrome/77.0.3865.120 Safari/537.36"
::1 - - [19/Jun/2020:03:34:46 +0000] "POST /api/signin HTTP/1.1" 500 33 "http://localhost:8081/talk" "Mozilla/5.0 (Windows NT 10.0; Win64; x64) AppleWebKit/537.36 (KHTML, like Gecko) Chrome/77.0.3865.120 Safari/537.36"
::1 - - [19/Jun/2020:03:35:28 +0000] "POST /api/signin HTTP/1.1" 200 190 "http://localhost:8081/talk" "Mozilla/5.0 (Windows NT 10.0; Win64; x64) AppleWebKit/537.36 (KHTML, like Gecko) Chrome/77.0.3865.120 Safari/537.36"
::1 - - [19/Jun/2020:21:44:20 +0000] "POST /api/signin HTTP/1.1" - - "http://localhost:8081/talk" "Mozilla/5.0 (Windows NT 10.0; Win64; x64) AppleWebKit/537.36 (KHTML, like Gecko) Chrome/77.0.3865.120 Safari/537.36"
::1 - - [19/Jun/2020:21:50:21 +0000] "POST /api/signin HTTP/1.1" - - "http://localhost:8081/talk" "Mozilla/5.0 (Windows NT 10.0; Win64; x64) AppleWebKit/537.36 (KHTML, like Gecko) Chrome/77.0.3865.120 Safari/537.36"
::1 - - [19/Jun/2020:21:52:18 +0000] "POST /api/signin HTTP/1.1" - - "http://localhost:8081/talk" "Mozilla/5.0 (Windows NT 10.0; Win64; x64) AppleWebKit/537.36 (KHTML, like Gecko) Chrome/77.0.3865.120 Safari/537.36"
::1 - - [19/Jun/2020:21:52:18 +0000] "POST /api/signin HTTP/1.1" - - "http://localhost:8081/talk" "Mozilla/5.0 (Windows NT 10.0; Win64; x64) AppleWebKit/537.36 (KHTML, like Gecko) Chrome/77.0.3865.120 Safari/537.36"
::1 - - [19/Jun/2020:21:54:18 +0000] "POST /api/signin HTTP/1.1" 200 190 "http://localhost:8081/login" "Mozilla/5.0 (Windows NT 10.0; Win64; x64) AppleWebKit/537.36 (KHTML, like Gecko) Chrome/77.0.3865.120 Safari/537.36"
::1 - - [20/Jun/2020:00:39:52 +0000] "POST /api/signin HTTP/1.1" - - "http://localhost:8081/login" "Mozilla/5.0 (Windows NT 10.0; Win64; x64) AppleWebKit/537.36 (KHTML, like Gecko) Chrome/77.0.3865.120 Safari/537.36"
::1 - - [20/Jun/2020:00:39:52 +0000] "POST /api/signin HTTP/1.1" - - "http://localhost:8081/login" "Mozilla/5.0 (Windows NT 10.0; Win64; x64) AppleWebKit/537.36 (KHTML, like Gecko) Chrome/77.0.3865.120 Safari/537.36"
::1 - - [20/Jun/2020:00:39:52 +0000] "POST /api/signin HTTP/1.1" - - "http://localhost:8081/login" "Mozilla/5.0 (Windows NT 10.0; Win64; x64) AppleWebKit/537.36 (KHTML, like Gecko) Chrome/77.0.3865.120 Safari/537.36"
::1 - - [20/Jun/2020:00:39:52 +0000] "POST /api/signin HTTP/1.1" - - "http://localhost:8081/login" "Mozilla/5.0 (Windows NT 10.0; Win64; x64) AppleWebKit/537.36 (KHTML, like Gecko) Chrome/77.0.3865.120 Safari/537.36"
::1 - - [20/Jun/2020:19:00:28 +0000] "POST /api/signin HTTP/1.1" 200 190 "http://localhost:8081/login" "Mozilla/5.0 (Windows NT 10.0; Win64; x64) AppleWebKit/537.36 (KHTML, like Gecko) Chrome/77.0.3865.120 Safari/537.36"
::1 - - [20/Jun/2020:19:40:57 +0000] "POST /api/signin HTTP/1.1" 200 190 "http://localhost:8081/talk" "Mozilla/5.0 (Windows NT 10.0; Win64; x64) AppleWebKit/537.36 (KHTML, like Gecko) Chrome/77.0.3865.120 Safari/537.36"
::1 - - [21/Jun/2020:02:53:13 +0000] "POST /api/signin HTTP/1.1" 200 190 "http://localhost:8081/talk" "Mozilla/5.0 (Windows NT 10.0; Win64; x64) AppleWebKit/537.36 (KHTML, like Gecko) Chrome/77.0.3865.120 Safari/537.36"
::1 - - [21/Jun/2020:17:37:40 +0000] "POST /api/signup HTTP/1.1" 400 356 "http://localhost:8081/home" "Mozilla/5.0 (Windows NT 10.0; Win64; x64) AppleWebKit/537.36 (KHTML, like Gecko) Chrome/77.0.3865.120 Safari/537.36"
::1 - - [21/Jun/2020:17:38:24 +0000] "POST /api/signup HTTP/1.1" 200 38 "http://localhost:8081/home" "Mozilla/5.0 (Windows NT 10.0; Win64; x64) AppleWebKit/537.36 (KHTML, like Gecko) Chrome/77.0.3865.120 Safari/537.36"
::1 - - [21/Jun/2020:17:49:37 +0000] "POST /api/signup HTTP/1.1" 200 38 "http://localhost:8081/home" "Mozilla/5.0 (Windows NT 10.0; Win64; x64) AppleWebKit/537.36 (KHTML, like Gecko) Chrome/77.0.3865.120 Safari/537.36"
::1 - - [21/Jun/2020:17:49:52 +0000] "POST /api/signin HTTP/1.1" 200 181 "http://localhost:8081/talk" "Mozilla/5.0 (Windows NT 10.0; Win64; x64) AppleWebKit/537.36 (KHTML, like Gecko) Chrome/77.0.3865.120 Safari/537.36"
::1 - - [21/Jun/2020:17:53:24 +0000] "POST /api/signin HTTP/1.1" 200 190 "http://localhost:8081/talk" "Mozilla/5.0 (Windows NT 10.0; Win64; x64) AppleWebKit/537.36 (KHTML, like Gecko) Chrome/77.0.3865.120 Safari/537.36"
::1 - - [22/Jun/2020:14:05:39 +0000] "POST /api/signin HTTP/1.1" 200 181 "http://localhost:8081/login" "Mozilla/5.0 (Windows NT 10.0; Win64; x64) AppleWebKit/537.36 (KHTML, like Gecko) Chrome/77.0.3865.120 Safari/537.36"
::1 - - [22/Jun/2020:14:06:46 +0000] "POST /api/signin HTTP/1.1" - - "http://localhost:8081/login" "Mozilla/5.0 (Windows NT 10.0; Win64; x64) AppleWebKit/537.36 (KHTML, like Gecko) Chrome/77.0.3865.120 Safari/537.36"
::1 - - [22/Jun/2020:14:12:57 +0000] "POST /api/signin HTTP/1.1" 200 181 "http://localhost:8081/login" "Mozilla/5.0 (Windows NT 10.0; Win64; x64) AppleWebKit/537.36 (KHTML, like Gecko) Chrome/77.0.3865.120 Safari/537.36"
::1 - - [22/Jun/2020:15:09:28 +0000] "POST /api/signin HTTP/1.1" 500 33 "http://localhost:8081/home" "Mozilla/5.0 (Windows NT 10.0; Win64; x64) AppleWebKit/537.36 (KHTML, like Gecko) Chrome/77.0.3865.120 Safari/537.36"
::1 - - [22/Jun/2020:15:50:42 +0000] "POST /api/signin HTTP/1.1" 200 181 "http://localhost:8081/login" "Mozilla/5.0 (Windows NT 10.0; Win64; x64) AppleWebKit/537.36 (KHTML, like Gecko) Chrome/77.0.3865.120 Safari/537.36"
::1 - - [22/Jun/2020:15:53:32 +0000] "POST /api/signin HTTP/1.1" 500 33 "http://localhost:8081/login" "Mozilla/5.0 (Windows NT 10.0; Win64; x64) AppleWebKit/537.36 (KHTML, like Gecko) Chrome/77.0.3865.120 Safari/537.36"
::1 - - [22/Jun/2020:15:54:12 +0000] "POST /api/signin HTTP/1.1" 200 181 "http://localhost:8081/login" "Mozilla/5.0 (Windows NT 10.0; Win64; x64) AppleWebKit/537.36 (KHTML, like Gecko) Chrome/77.0.3865.120 Safari/537.36"
::1 - - [29/Jun/2020:13:12:59 +0000] "POST /api/signin HTTP/1.1" - - "http://localhost:8081/login" "Mozilla/5.0 (Windows NT 10.0; Win64; x64) AppleWebKit/537.36 (KHTML, like Gecko) Chrome/77.0.3865.120 Safari/537.36"
::1 - - [29/Jun/2020:13:12:59 +0000] "POST /api/signin HTTP/1.1" - - "http://localhost:8081/login" "Mozilla/5.0 (Windows NT 10.0; Win64; x64) AppleWebKit/537.36 (KHTML, like Gecko) Chrome/77.0.3865.120 Safari/537.36"
::1 - - [29/Jun/2020:13:12:59 +0000] "POST /api/signin HTTP/1.1" - - "http://localhost:8081/login" "Mozilla/5.0 (Windows NT 10.0; Win64; x64) AppleWebKit/537.36 (KHTML, like Gecko) Chrome/77.0.3865.120 Safari/537.36"
::1 - - [29/Jun/2020:13:26:05 +0000] "POST /api/signin HTTP/1.1" - - "http://localhost:8081/login" "Mozilla/5.0 (Windows NT 10.0; Win64; x64) AppleWebKit/537.36 (KHTML, like Gecko) Chrome/77.0.3865.120 Safari/537.36"
::1 - - [29/Jun/2020:13:26:05 +0000] "POST /api/signin HTTP/1.1" - - "http://localhost:8081/login" "Mozilla/5.0 (Windows NT 10.0; Win64; x64) AppleWebKit/537.36 (KHTML, like Gecko) Chrome/77.0.3865.120 Safari/537.36"
::1 - - [29/Jun/2020:13:26:05 +0000] "POST /api/signin HTTP/1.1" - - "http://localhost:8081/login" "Mozilla/5.0 (Windows NT 10.0; Win64; x64) AppleWebKit/537.36 (KHTML, like Gecko) Chrome/77.0.3865.120 Safari/537.36"
::1 - - [29/Jun/2020:13:37:01 +0000] "POST /api/signin HTTP/1.1" 500 31 "http://localhost:8081/login" "Mozilla/5.0 (Windows NT 10.0; Win64; x64) AppleWebKit/537.36 (KHTML, like Gecko) Chrome/77.0.3865.120 Safari/537.36"
::1 - - [29/Jun/2020:13:40:11 +0000] "POST /api/signin HTTP/1.1" 500 31 "http://localhost:8081/login" "Mozilla/5.0 (Windows NT 10.0; Win64; x64) AppleWebKit/537.36 (KHTML, like Gecko) Chrome/77.0.3865.120 Safari/537.36"
::1 - - [29/Jun/2020:13:40:42 +0000] "POST /api/signin HTTP/1.1" 500 31 "http://localhost:8081/login" "Mozilla/5.0 (Windows NT 10.0; Win64; x64) AppleWebKit/537.36 (KHTML, like Gecko) Chrome/77.0.3865.120 Safari/537.36"
::1 - - [29/Jun/2020:13:44:20 +0000] "POST /api/signin HTTP/1.1" 500 31 "http://localhost:8081/login" "Mozilla/5.0 (Windows NT 10.0; Win64; x64) AppleWebKit/537.36 (KHTML, like Gecko) Chrome/77.0.3865.120 Safari/537.36"
::1 - - [29/Jun/2020:13:45:21 +0000] "POST /api/signin HTTP/1.1" 200 181 "http://localhost:8081/login" "Mozilla/5.0 (Windows NT 10.0; Win64; x64) AppleWebKit/537.36 (KHTML, like Gecko) Chrome/77.0.3865.120 Safari/537.36"
::1 - - [29/Jun/2020:14:36:56 +0000] "POST /api/signin HTTP/1.1" 200 181 "http://localhost:8081/home" "Mozilla/5.0 (Windows NT 10.0; Win64; x64) AppleWebKit/537.36 (KHTML, like Gecko) Chrome/77.0.3865.120 Safari/537.36"
::1 - - [29/Jun/2020:15:32:37 +0000] "POST /api/signin HTTP/1.1" 200 181 "http://localhost:8081/login" "Mozilla/5.0 (Windows NT 10.0; Win64; x64) AppleWebKit/537.36 (KHTML, like Gecko) Chrome/77.0.3865.120 Safari/537.36"
::1 - - [30/Jun/2020:16:21:46 +0000] "POST /api/signin HTTP/1.1" 200 181 "http://localhost:8081/login" "Mozilla/5.0 (Windows NT 10.0; Win64; x64) AppleWebKit/537.36 (KHTML, like Gecko) Chrome/77.0.3865.120 Safari/537.36"
::1 - - [30/Jun/2020:16:25:25 +0000] "POST /api/signin HTTP/1.1" 200 181 "http://localhost:8081/login" "Mozilla/5.0 (Windows NT 10.0; Win64; x64) AppleWebKit/537.36 (KHTML, like Gecko) Chrome/77.0.3865.120 Safari/537.36"
::1 - - [30/Jun/2020:16:27:27 +0000] "POST /api/signin HTTP/1.1" 200 181 "http://localhost:8081/login" "Mozilla/5.0 (Windows NT 10.0; Win64; x64) AppleWebKit/537.36 (KHTML, like Gecko) Chrome/77.0.3865.120 Safari/537.36"
::1 - - [30/Jun/2020:16:28:50 +0000] "POST /api/signin HTTP/1.1" 200 181 "http://localhost:8081/login" "Mozilla/5.0 (Windows NT 10.0; Win64; x64) AppleWebKit/537.36 (KHTML, like Gecko) Chrome/77.0.3865.120 Safari/537.36"
::1 - - [30/Jun/2020:16:30:11 +0000] "POST /api/signin HTTP/1.1" 200 181 "http://localhost:8081/login" "Mozilla/5.0 (Windows NT 10.0; Win64; x64) AppleWebKit/537.36 (KHTML, like Gecko) Chrome/77.0.3865.120 Safari/537.36"
::1 - - [30/Jun/2020:16:38:27 +0000] "POST /api/signin HTTP/1.1" 200 181 "http://localhost:8081/login" "Mozilla/5.0 (Windows NT 10.0; Win64; x64) AppleWebKit/537.36 (KHTML, like Gecko) Chrome/77.0.3865.120 Safari/537.36"
::1 - - [30/Jun/2020:16:47:10 +0000] "POST /api/signin HTTP/1.1" 200 181 "http://localhost:8081/login" "Mozilla/5.0 (Windows NT 10.0; Win64; x64) AppleWebKit/537.36 (KHTML, like Gecko) Chrome/77.0.3865.120 Safari/537.36"
::1 - - [30/Jun/2020:16:47:51 +0000] "POST /api/signin HTTP/1.1" 200 181 "http://localhost:8081/login" "Mozilla/5.0 (Windows NT 10.0; Win64; x64) AppleWebKit/537.36 (KHTML, like Gecko) Chrome/77.0.3865.120 Safari/537.36"
::1 - - [30/Jun/2020:16:52:47 +0000] "POST /api/signin HTTP/1.1" 200 181 "http://localhost:8081/login" "Mozilla/5.0 (Windows NT 10.0; Win64; x64) AppleWebKit/537.36 (KHTML, like Gecko) Chrome/77.0.3865.120 Safari/537.36"
::1 - - [30/Jun/2020:16:57:57 +0000] "POST /api/signin HTTP/1.1" 200 181 "http://localhost:8081/home" "Mozilla/5.0 (Windows NT 10.0; Win64; x64) AppleWebKit/537.36 (KHTML, like Gecko) Chrome/77.0.3865.120 Safari/537.36"
::1 - - [30/Jun/2020:16:59:19 +0000] "POST /api/signin HTTP/1.1" 200 181 "http://localhost:8081/login" "Mozilla/5.0 (Windows NT 10.0; Win64; x64) AppleWebKit/537.36 (KHTML, like Gecko) Chrome/77.0.3865.120 Safari/537.36"
::1 - - [30/Jun/2020:18:05:27 +0000] "POST /api/signin HTTP/1.1" - - "http://localhost:8081/login" "Mozilla/5.0 (iPhone; CPU iPhone OS 11_0 like Mac OS X) AppleWebKit/604.1.38 (KHTML, like Gecko) Version/11.0 Mobile/15A372 Safari/604.1"
::1 - - [30/Jun/2020:18:05:27 +0000] "POST /api/signin HTTP/1.1" - - "http://localhost:8081/login" "Mozilla/5.0 (Windows NT 10.0; Win64; x64) AppleWebKit/537.36 (KHTML, like Gecko) Chrome/77.0.3865.120 Safari/537.36"
::1 - - [30/Jun/2020:18:05:27 +0000] "POST /api/signin HTTP/1.1" - - "http://localhost:8081/login" "Mozilla/5.0 (Windows NT 10.0; Win64; x64) AppleWebKit/537.36 (KHTML, like Gecko) Chrome/77.0.3865.120 Safari/537.36"
::1 - - [30/Jun/2020:18:05:27 +0000] "POST /api/signin HTTP/1.1" - - "http://localhost:8081/login" "Mozilla/5.0 (Windows NT 10.0; Win64; x64) AppleWebKit/537.36 (KHTML, like Gecko) Chrome/77.0.3865.120 Safari/537.36"
::1 - - [30/Jun/2020:18:05:27 +0000] "POST /api/signin HTTP/1.1" - - "http://localhost:8081/login" "Mozilla/5.0 (Windows NT 10.0; Win64; x64) AppleWebKit/537.36 (KHTML, like Gecko) Chrome/77.0.3865.120 Safari/537.36"
::1 - - [30/Jun/2020:18:05:27 +0000] "POST /api/signin HTTP/1.1" - - "http://localhost:8081/login" "Mozilla/5.0 (Windows NT 10.0; Win64; x64) AppleWebKit/537.36 (KHTML, like Gecko) Chrome/77.0.3865.120 Safari/537.36"
::1 - - [30/Jun/2020:18:06:33 +0000] "POST /api/signin HTTP/1.1" - - "http://localhost:8081/login" "Mozilla/5.0 (Windows NT 10.0; Win64; x64) AppleWebKit/537.36 (KHTML, like Gecko) Chrome/77.0.3865.120 Safari/537.36"
::1 - - [01/Jul/2020:15:35:23 +0000] "POST /api/signup HTTP/1.1" 200 38 "http://localhost:8081/home" "Mozilla/5.0 (Windows NT 10.0; Win64; x64) AppleWebKit/537.36 (KHTML, like Gecko) Chrome/77.0.3865.120 Safari/537.36"
::1 - - [01/Jul/2020:15:37:19 +0000] "POST /api/signin HTTP/1.1" 200 190 "http://localhost:8081/home" "Mozilla/5.0 (Windows NT 10.0; Win64; x64) AppleWebKit/537.36 (KHTML, like Gecko) Chrome/77.0.3865.120 Safari/537.36"
::1 - - [01/Jul/2020:17:09:27 +0000] "POST /api/signin HTTP/1.1" 200 190 "http://localhost:8081/home" "Mozilla/5.0 (Windows NT 10.0; Win64; x64) AppleWebKit/537.36 (KHTML, like Gecko) Chrome/77.0.3865.120 Safari/537.36"
::1 - - [01/Jul/2020:18:33:43 +0000] "POST /api/signin HTTP/1.1" 200 190 "http://localhost:8081/login" "Mozilla/5.0 (Windows NT 10.0; Win64; x64) AppleWebKit/537.36 (KHTML, like Gecko) Chrome/77.0.3865.120 Safari/537.36"
::1 - - [02/Jul/2020:01:01:51 +0000] "POST /api/signin HTTP/1.1" 200 181 "http://localhost:8081/login" "Mozilla/5.0 (Windows NT 10.0; Win64; x64) AppleWebKit/537.36 (KHTML, like Gecko) Chrome/77.0.3865.120 Safari/537.36"
::1 - - [03/Jul/2020:16:13:22 +0000] "POST /api/signup HTTP/1.1" 200 38 "http://localhost:8081/home" "Mozilla/5.0 (Windows NT 10.0; Win64; x64) AppleWebKit/537.36 (KHTML, like Gecko) Chrome/77.0.3865.120 Safari/537.36"
::1 - - [03/Jul/2020:16:21:48 +0000] "POST /api/signup HTTP/1.1" 200 38 "http://localhost:8081/home" "Mozilla/5.0 (Windows NT 10.0; Win64; x64) AppleWebKit/537.36 (KHTML, like Gecko) Chrome/77.0.3865.120 Safari/537.36"
::1 - - [03/Jul/2020:16:24:23 +0000] "POST /api/signup HTTP/1.1" 200 38 "http://localhost:8081/home" "Mozilla/5.0 (Windows NT 10.0; Win64; x64) AppleWebKit/537.36 (KHTML, like Gecko) Chrome/77.0.3865.120 Safari/537.36"
::1 - - [03/Jul/2020:16:31:39 +0000] "POST /api/signup HTTP/1.1" 200 38 "http://localhost:8081/home" "Mozilla/5.0 (Windows NT 10.0; Win64; x64) AppleWebKit/537.36 (KHTML, like Gecko) Chrome/77.0.3865.120 Safari/537.36"
::1 - - [03/Jul/2020:16:32:31 +0000] "POST /api/signin HTTP/1.1" 200 188 "http://localhost:8081/home" "Mozilla/5.0 (Windows NT 10.0; Win64; x64) AppleWebKit/537.36 (KHTML, like Gecko) Chrome/77.0.3865.120 Safari/537.36"
::1 - - [03/Jul/2020:16:36:36 +0000] "POST /api/signup HTTP/1.1" 200 38 "http://localhost:8081/home" "Mozilla/5.0 (Windows NT 10.0; Win64; x64) AppleWebKit/537.36 (KHTML, like Gecko) Chrome/77.0.3865.120 Safari/537.36"
::1 - - [03/Jul/2020:16:37:26 +0000] "POST /api/signin HTTP/1.1" 200 188 "http://localhost:8081/home" "Mozilla/5.0 (Windows NT 10.0; Win64; x64) AppleWebKit/537.36 (KHTML, like Gecko) Chrome/77.0.3865.120 Safari/537.36"
::1 - - [03/Jul/2020:17:35:30 +0000] "POST /api/signin HTTP/1.1" 200 190 "http://localhost:8081/home" "Mozilla/5.0 (Windows NT 10.0; Win64; x64) AppleWebKit/537.36 (KHTML, like Gecko) Chrome/77.0.3865.120 Safari/537.36"
::1 - - [04/Jul/2020:01:12:30 +0000] "POST /api/signin HTTP/1.1" 200 190 "http://localhost:8081/home" "Mozilla/5.0 (Windows NT 10.0; Win64; x64) AppleWebKit/537.36 (KHTML, like Gecko) Chrome/77.0.3865.120 Safari/537.36"
::1 - - [04/Jul/2020:08:10:24 +0000] "POST /api/signup HTTP/1.1" 200 38 "http://localhost:8081/home" "Mozilla/5.0 (Windows NT 10.0; Win64; x64) AppleWebKit/537.36 (KHTML, like Gecko) Chrome/77.0.3865.120 Safari/537.36"
::1 - - [04/Jul/2020:08:20:44 +0000] "POST /api/signup HTTP/1.1" 200 38 "http://localhost:8081/home" "Mozilla/5.0 (Windows NT 10.0; Win64; x64) AppleWebKit/537.36 (KHTML, like Gecko) Chrome/77.0.3865.120 Safari/537.36"
::1 - - [04/Jul/2020:08:23:24 +0000] "POST /api/signup HTTP/1.1" 200 38 "http://localhost:8081/home" "Mozilla/5.0 (Windows NT 10.0; Win64; x64) AppleWebKit/537.36 (KHTML, like Gecko) Chrome/77.0.3865.120 Safari/537.36"
::1 - - [04/Jul/2020:20:26:51 +0000] "POST /api/signin HTTP/1.1" 401 32 "http://localhost:8081/home" "Mozilla/5.0 (Windows NT 10.0; Win64; x64) AppleWebKit/537.36 (KHTML, like Gecko) Chrome/77.0.3865.120 Safari/537.36"
::1 - - [04/Jul/2020:20:31:46 +0000] "POST /api/signin HTTP/1.1" 200 190 "http://localhost:8081/home" "Mozilla/5.0 (Windows NT 10.0; Win64; x64) AppleWebKit/537.36 (KHTML, like Gecko) Chrome/77.0.3865.120 Safari/537.36"
::1 - - [04/Jul/2020:22:19:10 +0000] "POST /api/signin HTTP/1.1" 200 190 "http://localhost:8081/login" "Mozilla/5.0 (Windows NT 10.0; Win64; x64) AppleWebKit/537.36 (KHTML, like Gecko) Chrome/77.0.3865.120 Safari/537.36"
::1 - - [04/Jul/2020:23:35:28 +0000] "POST /api/signin HTTP/1.1" 200 190 "http://localhost:8081/requests" "Mozilla/5.0 (Windows NT 10.0; Win64; x64) AppleWebKit/537.36 (KHTML, like Gecko) Chrome/77.0.3865.120 Safari/537.36"
::1 - - [05/Jul/2020:14:36:11 +0000] "POST /api/signin HTTP/1.1" 200 190 "http://localhost:8081/login" "Mozilla/5.0 (Windows NT 10.0; Win64; x64) AppleWebKit/537.36 (KHTML, like Gecko) Chrome/77.0.3865.120 Safari/537.36"
::1 - - [05/Jul/2020:15:10:22 +0000] "POST /api/signin HTTP/1.1" 200 190 "http://localhost:8081/login" "Mozilla/5.0 (Windows NT 10.0; Win64; x64) AppleWebKit/537.36 (KHTML, like Gecko) Chrome/77.0.3865.120 Safari/537.36"
::1 - - [05/Jul/2020:15:57:16 +0000] "POST /api/signin HTTP/1.1" 200 190 "http://localhost:8081/login" "Mozilla/5.0 (Windows NT 10.0; Win64; x64) AppleWebKit/537.36 (KHTML, like Gecko) Chrome/77.0.3865.120 Safari/537.36"
::1 - - [05/Jul/2020:18:14:57 +0000] "POST /api/signin HTTP/1.1" 500 33 "http://localhost:8081/login" "Mozilla/5.0 (Windows NT 10.0; Win64; x64) AppleWebKit/537.36 (KHTML, like Gecko) Chrome/77.0.3865.120 Safari/537.36"
::1 - - [05/Jul/2020:18:14:59 +0000] "POST /api/signin HTTP/1.1" 200 190 "http://localhost:8081/login" "Mozilla/5.0 (Windows NT 10.0; Win64; x64) AppleWebKit/537.36 (KHTML, like Gecko) Chrome/77.0.3865.120 Safari/537.36"
::1 - - [05/Jul/2020:19:10:14 +0000] "POST /api/signup HTTP/1.1" 200 38 "http://localhost:8081/home" "Mozilla/5.0 (Windows NT 10.0; Win64; x64) AppleWebKit/537.36 (KHTML, like Gecko) Chrome/77.0.3865.120 Safari/537.36"
::1 - - [05/Jul/2020:19:10:28 +0000] "POST /api/signup HTTP/1.1" 400 1052 "http://localhost:8081/home" "Mozilla/5.0 (Windows NT 10.0; Win64; x64) AppleWebKit/537.36 (KHTML, like Gecko) Chrome/77.0.3865.120 Safari/537.36"
::1 - - [05/Jul/2020:19:16:04 +0000] "POST /api/minecraft HTTP/1.1" 404 153 "http://localhost:8081/home" "Mozilla/5.0 (Windows NT 10.0; Win64; x64) AppleWebKit/537.36 (KHTML, like Gecko) Chrome/77.0.3865.120 Safari/537.36"
::1 - - [05/Jul/2020:19:27:51 +0000] "POST /api/minecraft HTTP/1.1" 404 153 "http://localhost:8081/home" "Mozilla/5.0 (Windows NT 10.0; Win64; x64) AppleWebKit/537.36 (KHTML, like Gecko) Chrome/77.0.3865.120 Safari/537.36"
::1 - - [05/Jul/2020:19:29:17 +0000] "POST /api/minecraft HTTP/1.1" 200 43 "http://localhost:8081/home" "Mozilla/5.0 (Windows NT 10.0; Win64; x64) AppleWebKit/537.36 (KHTML, like Gecko) Chrome/77.0.3865.120 Safari/537.36"
::1 - - [05/Jul/2020:19:31:10 +0000] "POST /api/minecraft HTTP/1.1" 200 43 "http://localhost:8081/home" "Mozilla/5.0 (Windows NT 10.0; Win64; x64) AppleWebKit/537.36 (KHTML, like Gecko) Chrome/77.0.3865.120 Safari/537.36"
::1 - - [05/Jul/2020:19:35:52 +0000] "POST /api/minecraft HTTP/1.1" 200 553 "http://localhost:8081/home" "Mozilla/5.0 (Windows NT 10.0; Win64; x64) AppleWebKit/537.36 (KHTML, like Gecko) Chrome/77.0.3865.120 Safari/537.36"
::1 - - [05/Jul/2020:19:50:29 +0000] "POST /api/minecraft HTTP/1.1" 200 553 "http://localhost:8081/home" "Mozilla/5.0 (Windows NT 10.0; Win64; x64) AppleWebKit/537.36 (KHTML, like Gecko) Chrome/77.0.3865.120 Safari/537.36"
::1 - - [05/Jul/2020:19:51:44 +0000] "POST /api/minecraft HTTP/1.1" 200 553 "http://localhost:8081/home" "Mozilla/5.0 (Windows NT 10.0; Win64; x64) AppleWebKit/537.36 (KHTML, like Gecko) Chrome/77.0.3865.120 Safari/537.36"
::1 - - [05/Jul/2020:20:46:51 +0000] "POST /api/checkName HTTP/1.1" 404 153 "http://localhost:8081/home" "Mozilla/5.0 (Windows NT 10.0; Win64; x64) AppleWebKit/537.36 (KHTML, like Gecko) Chrome/77.0.3865.120 Safari/537.36"
::1 - - [05/Jul/2020:20:47:27 +0000] "POST /api/checkName HTTP/1.1" 200 43 "http://localhost:8081/home" "Mozilla/5.0 (Windows NT 10.0; Win64; x64) AppleWebKit/537.36 (KHTML, like Gecko) Chrome/77.0.3865.120 Safari/537.36"
::1 - - [05/Jul/2020:20:49:00 +0000] "POST /api/checkName HTTP/1.1" 200 2 "http://localhost:8081/home" "Mozilla/5.0 (Windows NT 10.0; Win64; x64) AppleWebKit/537.36 (KHTML, like Gecko) Chrome/77.0.3865.120 Safari/537.36"
::1 - - [05/Jul/2020:20:52:10 +0000] "POST /api/checkName HTTP/1.1" 200 2 "http://localhost:8081/home" "Mozilla/5.0 (Windows NT 10.0; Win64; x64) AppleWebKit/537.36 (KHTML, like Gecko) Chrome/77.0.3865.120 Safari/537.36"
::1 - - [05/Jul/2020:20:52:56 +0000] "POST /api/checkName HTTP/1.1" 200 2 "http://localhost:8081/home" "Mozilla/5.0 (Windows NT 10.0; Win64; x64) AppleWebKit/537.36 (KHTML, like Gecko) Chrome/77.0.3865.120 Safari/537.36"
::1 - - [05/Jul/2020:21:02:22 +0000] "POST /api/checkName HTTP/1.1" 200 2 "http://localhost:8081/home" "Mozilla/5.0 (Windows NT 10.0; Win64; x64) AppleWebKit/537.36 (KHTML, like Gecko) Chrome/77.0.3865.120 Safari/537.36"
::1 - - [05/Jul/2020:21:04:34 +0000] "POST /api/checkName HTTP/1.1" 200 43 "http://localhost:8081/home" "Mozilla/5.0 (Windows NT 10.0; Win64; x64) AppleWebKit/537.36 (KHTML, like Gecko) Chrome/77.0.3865.120 Safari/537.36"
::1 - - [05/Jul/2020:21:04:34 +0000] "POST /api/signup HTTP/1.1" 400 806 "http://localhost:8081/home" "Mozilla/5.0 (Windows NT 10.0; Win64; x64) AppleWebKit/537.36 (KHTML, like Gecko) Chrome/77.0.3865.120 Safari/537.36"
::1 - - [05/Jul/2020:21:05:00 +0000] "POST /api/checkName HTTP/1.1" 200 43 "http://localhost:8081/home" "Mozilla/5.0 (Windows NT 10.0; Win64; x64) AppleWebKit/537.36 (KHTML, like Gecko) Chrome/77.0.3865.120 Safari/537.36"
::1 - - [05/Jul/2020:21:05:00 +0000] "POST /api/signup HTTP/1.1" 400 806 "http://localhost:8081/home" "Mozilla/5.0 (Windows NT 10.0; Win64; x64) AppleWebKit/537.36 (KHTML, like Gecko) Chrome/77.0.3865.120 Safari/537.36"
::1 - - [05/Jul/2020:21:05:14 +0000] "POST /api/checkName HTTP/1.1" 200 43 "http://localhost:8081/home" "Mozilla/5.0 (Windows NT 10.0; Win64; x64) AppleWebKit/537.36 (KHTML, like Gecko) Chrome/77.0.3865.120 Safari/537.36"
::1 - - [05/Jul/2020:21:05:15 +0000] "POST /api/signup HTTP/1.1" 400 806 "http://localhost:8081/home" "Mozilla/5.0 (Windows NT 10.0; Win64; x64) AppleWebKit/537.36 (KHTML, like Gecko) Chrome/77.0.3865.120 Safari/537.36"
::1 - - [05/Jul/2020:21:06:07 +0000] "POST /api/checkName HTTP/1.1" 200 43 "http://localhost:8081/home" "Mozilla/5.0 (Windows NT 10.0; Win64; x64) AppleWebKit/537.36 (KHTML, like Gecko) Chrome/77.0.3865.120 Safari/537.36"
::1 - - [05/Jul/2020:21:06:07 +0000] "POST /api/signup HTTP/1.1" 400 806 "http://localhost:8081/home" "Mozilla/5.0 (Windows NT 10.0; Win64; x64) AppleWebKit/537.36 (KHTML, like Gecko) Chrome/77.0.3865.120 Safari/537.36"
::1 - - [05/Jul/2020:21:08:10 +0000] "POST /api/checkName HTTP/1.1" 200 43 "http://localhost:8081/home" "Mozilla/5.0 (Windows NT 10.0; Win64; x64) AppleWebKit/537.36 (KHTML, like Gecko) Chrome/77.0.3865.120 Safari/537.36"
::1 - - [05/Jul/2020:21:08:10 +0000] "POST /api/signup HTTP/1.1" 400 1052 "http://localhost:8081/home" "Mozilla/5.0 (Windows NT 10.0; Win64; x64) AppleWebKit/537.36 (KHTML, like Gecko) Chrome/77.0.3865.120 Safari/537.36"
::1 - - [05/Jul/2020:21:10:34 +0000] "POST /api/checkName HTTP/1.1" 200 43 "http://localhost:8081/home" "Mozilla/5.0 (Windows NT 10.0; Win64; x64) AppleWebKit/537.36 (KHTML, like Gecko) Chrome/77.0.3865.120 Safari/537.36"
::1 - - [05/Jul/2020:21:10:34 +0000] "POST /api/signup HTTP/1.1" 400 1052 "http://localhost:8081/home" "Mozilla/5.0 (Windows NT 10.0; Win64; x64) AppleWebKit/537.36 (KHTML, like Gecko) Chrome/77.0.3865.120 Safari/537.36"
::1 - - [05/Jul/2020:21:13:05 +0000] "POST /api/checkName HTTP/1.1" 200 43 "http://localhost:8081/home" "Mozilla/5.0 (Windows NT 10.0; Win64; x64) AppleWebKit/537.36 (KHTML, like Gecko) Chrome/77.0.3865.120 Safari/537.36"
::1 - - [05/Jul/2020:21:13:12 +0000] "POST /api/checkName HTTP/1.1" 200 43 "http://localhost:8081/home" "Mozilla/5.0 (Windows NT 10.0; Win64; x64) AppleWebKit/537.36 (KHTML, like Gecko) Chrome/77.0.3865.120 Safari/537.36"
::1 - - [05/Jul/2020:21:20:38 +0000] "POST /api/checkName HTTP/1.1" 200 43 "http://localhost:8081/home" "Mozilla/5.0 (Windows NT 10.0; Win64; x64) AppleWebKit/537.36 (KHTML, like Gecko) Chrome/77.0.3865.120 Safari/537.36"
::1 - - [05/Jul/2020:21:22:36 +0000] "POST /api/checkName HTTP/1.1" 200 43 "http://localhost:8081/home" "Mozilla/5.0 (Windows NT 10.0; Win64; x64) AppleWebKit/537.36 (KHTML, like Gecko) Chrome/77.0.3865.120 Safari/537.36"
::1 - - [05/Jul/2020:21:25:45 +0000] "POST /api/checkName HTTP/1.1" 200 43 "http://localhost:8081/home" "Mozilla/5.0 (Windows NT 10.0; Win64; x64) AppleWebKit/537.36 (KHTML, like Gecko) Chrome/77.0.3865.120 Safari/537.36"
::1 - - [05/Jul/2020:21:30:03 +0000] "POST /api/checkName HTTP/1.1" 200 43 "http://localhost:8081/home" "Mozilla/5.0 (Windows NT 10.0; Win64; x64) AppleWebKit/537.36 (KHTML, like Gecko) Chrome/77.0.3865.120 Safari/537.36"
::1 - - [05/Jul/2020:21:30:10 +0000] "POST /api/checkName HTTP/1.1" 200 43 "http://localhost:8081/home" "Mozilla/5.0 (Windows NT 10.0; Win64; x64) AppleWebKit/537.36 (KHTML, like Gecko) Chrome/77.0.3865.120 Safari/537.36"
::1 - - [05/Jul/2020:21:30:24 +0000] "POST /api/checkName HTTP/1.1" 200 43 "http://localhost:8081/home" "Mozilla/5.0 (Windows NT 10.0; Win64; x64) AppleWebKit/537.36 (KHTML, like Gecko) Chrome/77.0.3865.120 Safari/537.36"
::1 - - [05/Jul/2020:21:30:43 +0000] "POST /api/checkName HTTP/1.1" 200 43 "http://localhost:8081/home" "Mozilla/5.0 (Windows NT 10.0; Win64; x64) AppleWebKit/537.36 (KHTML, like Gecko) Chrome/77.0.3865.120 Safari/537.36"
::1 - - [05/Jul/2020:21:30:53 +0000] "POST /api/checkName HTTP/1.1" 200 43 "http://localhost:8081/home" "Mozilla/5.0 (Windows NT 10.0; Win64; x64) AppleWebKit/537.36 (KHTML, like Gecko) Chrome/77.0.3865.120 Safari/537.36"
::1 - - [05/Jul/2020:21:43:53 +0000] "POST /api/checkName HTTP/1.1" 200 43 "http://localhost:8081/home" "Mozilla/5.0 (Windows NT 10.0; Win64; x64) AppleWebKit/537.36 (KHTML, like Gecko) Chrome/77.0.3865.120 Safari/537.36"
::1 - - [05/Jul/2020:21:43:53 +0000] "POST /api/signup HTTP/1.1" 400 363 "http://localhost:8081/home" "Mozilla/5.0 (Windows NT 10.0; Win64; x64) AppleWebKit/537.36 (KHTML, like Gecko) Chrome/77.0.3865.120 Safari/537.36"
::1 - - [06/Jul/2020:00:58:20 +0000] "POST /api/checkName HTTP/1.1" 200 43 "http://localhost:8081/home" "Mozilla/5.0 (Windows NT 10.0; Win64; x64) AppleWebKit/537.36 (KHTML, like Gecko) Chrome/77.0.3865.120 Safari/537.36"
::1 - - [06/Jul/2020:00:58:21 +0000] "POST /api/signup HTTP/1.1" 400 553 "http://localhost:8081/home" "Mozilla/5.0 (Windows NT 10.0; Win64; x64) AppleWebKit/537.36 (KHTML, like Gecko) Chrome/77.0.3865.120 Safari/537.36"
::1 - - [06/Jul/2020:00:59:26 +0000] "POST /api/checkName HTTP/1.1" 200 43 "http://localhost:8081/home" "Mozilla/5.0 (Windows NT 10.0; Win64; x64) AppleWebKit/537.36 (KHTML, like Gecko) Chrome/77.0.3865.120 Safari/537.36"
::1 - - [06/Jul/2020:00:59:26 +0000] "POST /api/signup HTTP/1.1" 200 38 "http://localhost:8081/home" "Mozilla/5.0 (Windows NT 10.0; Win64; x64) AppleWebKit/537.36 (KHTML, like Gecko) Chrome/77.0.3865.120 Safari/537.36"
::1 - - [06/Jul/2020:00:59:52 +0000] "POST /api/signin HTTP/1.1" 200 183 "http://localhost:8081/home" "Mozilla/5.0 (Windows NT 10.0; Win64; x64) AppleWebKit/537.36 (KHTML, like Gecko) Chrome/77.0.3865.120 Safari/537.36"
::1 - - [06/Jul/2020:01:04:56 +0000] "POST /api/checkName HTTP/1.1" 200 43 "http://localhost:8081/home" "Mozilla/5.0 (Windows NT 10.0; Win64; x64) AppleWebKit/537.36 (KHTML, like Gecko) Chrome/77.0.3865.120 Safari/537.36"
::1 - - [06/Jul/2020:01:04:56 +0000] "POST /api/signup HTTP/1.1" 200 38 "http://localhost:8081/home" "Mozilla/5.0 (Windows NT 10.0; Win64; x64) AppleWebKit/537.36 (KHTML, like Gecko) Chrome/77.0.3865.120 Safari/537.36"
::1 - - [06/Jul/2020:01:14:27 +0000] "POST /api/checkName HTTP/1.1" 200 43 "http://localhost:8081/home" "Mozilla/5.0 (Windows NT 10.0; Win64; x64) AppleWebKit/537.36 (KHTML, like Gecko) Chrome/77.0.3865.120 Safari/537.36"
::1 - - [06/Jul/2020:01:14:27 +0000] "POST /api/signup HTTP/1.1" 200 38 "http://localhost:8081/home" "Mozilla/5.0 (Windows NT 10.0; Win64; x64) AppleWebKit/537.36 (KHTML, like Gecko) Chrome/77.0.3865.120 Safari/537.36"
::1 - - [06/Jul/2020:01:15:56 +0000] "POST /api/signin HTTP/1.1" 200 183 "http://localhost:8081/home" "Mozilla/5.0 (Windows NT 10.0; Win64; x64) AppleWebKit/537.36 (KHTML, like Gecko) Chrome/77.0.3865.120 Safari/537.36"
::1 - - [06/Jul/2020:01:27:28 +0000] "POST /api/signin HTTP/1.1" 500 31 "http://localhost:8081/home" "Mozilla/5.0 (Windows NT 10.0; Win64; x64) AppleWebKit/537.36 (KHTML, like Gecko) Chrome/77.0.3865.120 Safari/537.36"
::1 - - [06/Jul/2020:01:27:45 +0000] "POST /api/signin HTTP/1.1" 200 183 "http://localhost:8081/login" "Mozilla/5.0 (Windows NT 10.0; Win64; x64) AppleWebKit/537.36 (KHTML, like Gecko) Chrome/77.0.3865.120 Safari/537.36"
::1 - - [06/Jul/2020:01:30:05 +0000] "POST /api/signin HTTP/1.1" 200 183 "http://localhost:8081/home" "Mozilla/5.0 (Windows NT 10.0; Win64; x64) AppleWebKit/537.36 (KHTML, like Gecko) Chrome/77.0.3865.120 Safari/537.36"
::1 - - [06/Jul/2020:01:33:44 +0000] "POST /api/signin HTTP/1.1" 200 183 "http://localhost:8081/home" "Mozilla/5.0 (Windows NT 10.0; Win64; x64) AppleWebKit/537.36 (KHTML, like Gecko) Chrome/77.0.3865.120 Safari/537.36"
::1 - - [06/Jul/2020:01:36:45 +0000] "POST /api/signin HTTP/1.1" 200 183 "http://localhost:8081/home" "Mozilla/5.0 (Windows NT 10.0; Win64; x64) AppleWebKit/537.36 (KHTML, like Gecko) Chrome/77.0.3865.120 Safari/537.36"
::1 - - [06/Jul/2020:01:41:48 +0000] "POST /api/signin HTTP/1.1" 200 183 "http://localhost:8081/home" "Mozilla/5.0 (Windows NT 10.0; Win64; x64) AppleWebKit/537.36 (KHTML, like Gecko) Chrome/77.0.3865.120 Safari/537.36"
::1 - - [06/Jul/2020:01:45:52 +0000] "POST /api/signin HTTP/1.1" 200 183 "http://localhost:8081/home" "Mozilla/5.0 (Windows NT 10.0; Win64; x64) AppleWebKit/537.36 (KHTML, like Gecko) Chrome/77.0.3865.120 Safari/537.36"
::1 - - [06/Jul/2020:01:48:25 +0000] "POST /api/signin HTTP/1.1" 200 183 "http://localhost:8081/login" "Mozilla/5.0 (Windows NT 10.0; Win64; x64) AppleWebKit/537.36 (KHTML, like Gecko) Chrome/77.0.3865.120 Safari/537.36"
::1 - - [06/Jul/2020:01:52:49 +0000] "POST /api/signin HTTP/1.1" 200 183 "http://localhost:8081/home" "Mozilla/5.0 (Windows NT 10.0; Win64; x64) AppleWebKit/537.36 (KHTML, like Gecko) Chrome/77.0.3865.120 Safari/537.36"
::1 - - [06/Jul/2020:01:56:20 +0000] "POST /api/signin HTTP/1.1" 200 183 "http://localhost:8081/login" "Mozilla/5.0 (Windows NT 10.0; Win64; x64) AppleWebKit/537.36 (KHTML, like Gecko) Chrome/77.0.3865.120 Safari/537.36"
::1 - - [06/Jul/2020:01:58:30 +0000] "POST /api/signin HTTP/1.1" 200 183 "http://localhost:8081/home" "Mozilla/5.0 (Windows NT 10.0; Win64; x64) AppleWebKit/537.36 (KHTML, like Gecko) Chrome/77.0.3865.120 Safari/537.36"
::1 - - [06/Jul/2020:01:59:29 +0000] "POST /api/signin HTTP/1.1" 200 183 "http://localhost:8081/home" "Mozilla/5.0 (Windows NT 10.0; Win64; x64) AppleWebKit/537.36 (KHTML, like Gecko) Chrome/77.0.3865.120 Safari/537.36"
::1 - - [06/Jul/2020:02:05:23 +0000] "POST /api/signin HTTP/1.1" 200 183 "http://localhost:8081/home" "Mozilla/5.0 (Windows NT 10.0; Win64; x64) AppleWebKit/537.36 (KHTML, like Gecko) Chrome/77.0.3865.120 Safari/537.36"
::1 - - [06/Jul/2020:02:06:16 +0000] "POST /api/signin HTTP/1.1" 200 183 "http://localhost:8081/home" "Mozilla/5.0 (Windows NT 10.0; Win64; x64) AppleWebKit/537.36 (KHTML, like Gecko) Chrome/77.0.3865.120 Safari/537.36"
::1 - - [06/Jul/2020:02:07:34 +0000] "POST /api/signin HTTP/1.1" 200 183 "http://localhost:8081/home" "Mozilla/5.0 (Windows NT 10.0; Win64; x64) AppleWebKit/537.36 (KHTML, like Gecko) Chrome/77.0.3865.120 Safari/537.36"
::1 - - [06/Jul/2020:02:13:40 +0000] "POST /api/signin HTTP/1.1" 500 33 "http://localhost:8081/login" "Mozilla/5.0 (Windows NT 10.0; Win64; x64) AppleWebKit/537.36 (KHTML, like Gecko) Chrome/77.0.3865.120 Safari/537.36"
::1 - - [06/Jul/2020:02:13:52 +0000] "POST /api/signin HTTP/1.1" 200 183 "http://localhost:8081/login" "Mozilla/5.0 (Windows NT 10.0; Win64; x64) AppleWebKit/537.36 (KHTML, like Gecko) Chrome/77.0.3865.120 Safari/537.36"
::1 - - [06/Jul/2020:02:15:27 +0000] "POST /api/signin HTTP/1.1" 200 183 "http://localhost:8081/home" "Mozilla/5.0 (Windows NT 10.0; Win64; x64) AppleWebKit/537.36 (KHTML, like Gecko) Chrome/77.0.3865.120 Safari/537.36"
::1 - - [06/Jul/2020:14:07:16 +0000] "POST /api/signin HTTP/1.1" 200 183 "http://localhost:8081/home" "Mozilla/5.0 (Windows NT 10.0; Win64; x64) AppleWebKit/537.36 (KHTML, like Gecko) Chrome/77.0.3865.120 Safari/537.36"
::1 - - [06/Jul/2020:14:11:10 +0000] "POST /api/checkName HTTP/1.1" 200 43 "http://localhost:8081/home" "Mozilla/5.0 (Windows NT 10.0; Win64; x64) AppleWebKit/537.36 (KHTML, like Gecko) Chrome/77.0.3865.120 Safari/537.36"
::1 - - [06/Jul/2020:14:11:11 +0000] "POST /api/signup HTTP/1.1" 200 38 "http://localhost:8081/home" "Mozilla/5.0 (Windows NT 10.0; Win64; x64) AppleWebKit/537.36 (KHTML, like Gecko) Chrome/77.0.3865.120 Safari/537.36"
::1 - - [06/Jul/2020:14:11:23 +0000] "POST /api/signin HTTP/1.1" 200 185 "http://localhost:8081/home" "Mozilla/5.0 (Windows NT 10.0; Win64; x64) AppleWebKit/537.36 (KHTML, like Gecko) Chrome/77.0.3865.120 Safari/537.36"
::1 - - [06/Jul/2020:16:14:38 +0000] "POST /api/signin HTTP/1.1" 200 183 "http://localhost:8081/login" "Mozilla/5.0 (Windows NT 10.0; Win64; x64) AppleWebKit/537.36 (KHTML, like Gecko) Chrome/77.0.3865.120 Safari/537.36"
::1 - - [06/Jul/2020:16:52:17 +0000] "POST /api/signin HTTP/1.1" 200 183 "http://localhost:8081/home" "Mozilla/5.0 (Windows NT 10.0; Win64; x64) AppleWebKit/537.36 (KHTML, like Gecko) Chrome/77.0.3865.120 Safari/537.36"
::1 - - [06/Jul/2020:18:54:54 +0000] "POST /api/signin HTTP/1.1" 200 183 "http://localhost:8081/login" "Mozilla/5.0 (Windows NT 10.0; Win64; x64) AppleWebKit/537.36 (KHTML, like Gecko) Chrome/77.0.3865.120 Safari/537.36"
::1 - - [06/Jul/2020:20:47:14 +0000] "POST /api/signin HTTP/1.1" 200 183 "http://localhost:8081/login" "Mozilla/5.0 (Windows NT 10.0; Win64; x64) AppleWebKit/537.36 (KHTML, like Gecko) Chrome/77.0.3865.120 Safari/537.36"
::1 - - [06/Jul/2020:22:37:07 +0000] "POST /api/signin HTTP/1.1" 200 183 "http://localhost:8081/home" "Mozilla/5.0 (Windows NT 10.0; Win64; x64) AppleWebKit/537.36 (KHTML, like Gecko) Chrome/77.0.3865.120 Safari/537.36"
